<?xml version="1.0" encoding="UTF-8"?>
<!-- Generated by org.testng.reporters.JUnitXMLReporter -->
<testsuite ignored="0" hostname="DESKTOP-5712D12" failures="1" tests="1" name="login tests" time="3.325" errors="0" timestamp="2025-09-28T17:32:04 IST">
  <testcase classname="test.LoginTest" name="testValidLogin" time="0.658">
    <failure type="java.lang.AssertionError" message="expected [Dashboard / nopCommerce administration] but found [nopCommerce demo store. Login]">
      <![CDATA[java.lang.AssertionError: expected [Dashboard / nopCommerce administration] but found [nopCommerce demo store. Login]
at test.LoginTest.testValidLogin(LoginTest.java:72)
at java.base/java.util.ArrayList.forEach(ArrayList.java:1596)
... Removed 31 stack frames]]>
    </failure>
  </testcase> <!-- testValidLogin -->
</testsuite> <!-- login tests -->
